<?xml version="1.0" encoding="UTF-8"?>
<testsuite xmlns:xsi="http://www.w3.org/2001/XMLSchema-instance" xsi:noNamespaceSchemaLocation="https://maven.apache.org/surefire/maven-surefire-plugin/xsd/surefire-test-report-3.0.xsd" version="3.0" name="modelo.RecetaTest" time="0.105" tests="16" errors="0" skipped="0" failures="0">
  <properties>
[...]
</properties>
  <testcase name="given_receta_when_agregarLike_then_agregarReaction" classname="modelo.RecetaTest" time="0.024">
    <system-out><![CDATA[SetUp
Reacción LIKE incrementada.
Reacción LIKE incrementada.
Reacción LIKE incrementada.
Reacción LIKE eliminada.
]]></system-out>
  </testcase>
  <testcase name="givenRecetaConPalabrasOfensivas_whenVerificarContenidoOfensivo_thenRetornaTrue(String, String, String)[1]" classname="modelo.RecetaTest" time="0.014">
    <system-out><![CDATA[SetUp
]]></system-out>
  </testcase>
  <testcase name="givenRecetaConPalabrasOfensivas_whenVerificarContenidoOfensivo_thenRetornaTrue(String, String, String)[2]" classname="modelo.RecetaTest" time="0.001">
    <system-out><![CDATA[SetUp
]]></system-out>
  </testcase>
  <testcase name="givenRecetaConPalabrasOfensivas_whenVerificarContenidoOfensivo_thenRetornaTrue(String, String, String)[3]" classname="modelo.RecetaTest" time="0.001">
    <system-out><![CDATA[SetUp
]]></system-out>
  </testcase>
  <testcase name="givenRecetaConPalabrasOfensivas_whenVerificarContenidoOfensivo_thenRetornaTrue(String, String, String)[4]" classname="modelo.RecetaTest" time="0.001">
    <system-out><![CDATA[SetUp
]]></system-out>
  </testcase>
  <testcase name="given_receta_when_fieldsLessThan200Chars_then_validReceta(String, String, String, String)[1]" classname="modelo.RecetaTest" time="0.002">
    <system-out><![CDATA[SetUp
]]></system-out>
  </testcase>
  <testcase name="given_receta_when_fieldsLessThan200Chars_then_validReceta(String, String, String, String)[2]" classname="modelo.RecetaTest" time="0.002">
    <system-out><![CDATA[SetUp
]]></system-out>
  </testcase>
  <testcase name="given_receta_when_fieldsLessThan200Chars_then_validReceta(String, String, String, String)[3]" classname="modelo.RecetaTest" time="0.001">
    <system-out><![CDATA[SetUp
]]></system-out>
  </testcase>
  <testcase name="given_receta_when_fieldsLessThan200Chars_then_validReceta(String, String, String, String)[4]" classname="modelo.RecetaTest" time="0.001">
    <system-out><![CDATA[SetUp
]]></system-out>
  </testcase>
  <testcase name="given_receta_when_fieldsLessThan200Chars_then_validReceta(String, String, String, String)[5]" classname="modelo.RecetaTest" time="0.001">
    <system-out><![CDATA[SetUp
]]></system-out>
  </testcase>
  <testcase name="given_receta_when_fieldsLessThan200Chars_then_validReceta(String, String, String, String)[6]" classname="modelo.RecetaTest" time="0.001">
    <system-out><![CDATA[SetUp
]]></system-out>
  </testcase>
  <testcase name="given_receta_when_eliminarComentario_then_quitarComentarioReceta" classname="modelo.RecetaTest" time="0.002">
    <system-out><![CDATA[SetUp
]]></system-out>
  </testcase>
  <testcase name="given_receta_when_comentarReceta_then_comentarReceta" classname="modelo.RecetaTest" time="0.001">
    <system-out><![CDATA[SetUp
]]></system-out>
  </testcase>
  <testcase name="given_receta_when_agregarDislike_then_agregarReaction" classname="modelo.RecetaTest" time="0.0">
    <system-out><![CDATA[SetUp
Reacción DISLIKE incrementada.
Reacción DISLIKE incrementada.
Reacción DISLIKE eliminada.
]]></system-out>
  </testcase>
  <testcase name="given_receta_when_publicarReceta_then_nuevaReceta" classname="modelo.RecetaTest" time="0.002">
    <system-out><![CDATA[SetUp
Test publicarReceta
[Receta{nombre='Torta de chocolate', tipoReceta='Postre', ingredientes='Harina, azúcar, cacao, huevos', instrucciones='Mezclar los ingredientes y hornear'}]
]]></system-out>
  </testcase>
  <testcase name="given_receta_when_eliminarReceta_then_quitarReceta" classname="modelo.RecetaTest" time="0.001">
    <system-out><![CDATA[SetUp
Test eliminarReceta
Before [Receta{nombre='Torta de chocolate', tipoReceta='Postre', ingredientes='Harina, azúcar, cacao, huevos', instrucciones='Mezclar los ingredientes y hornear'}]
After []
]]></system-out>
  </testcase>
</testsuite>