<?xml version="1.0" encoding="UTF-8"?>
<testsuite xmlns:xsi="http://www.w3.org/2001/XMLSchema-instance" xsi:noNamespaceSchemaLocation="https://maven.apache.org/surefire/maven-surefire-plugin/xsd/surefire-test-report-3.0.xsd" version="3.0" name="negocio.FiltroTest" time="0.008" tests="2" errors="0" skipped="0" failures="0">
  <properties>
[...]
</properties>
  <testcase name="givenListOfRecetas_whenFiltrarPorTipoReceta_thenReturnFilteredRecetas" classname="negocio.FiltroTest" time="0.004"/>
  <testcase name="givenListOfRecetas_whenFiltrarPorNombreReceta_thenReturnFilteredRecetas" classname="negocio.FiltroTest" time="0.002">
    <system-out><![CDATA[Pollo con salsa agridulce
Salsa agridulce
Lechuga remojada en salsa agridulce
Chancho asado
]]></system-out>
  </testcase>
</testsuite>